<?xml version="1.0" encoding="UTF-8" ?>
<testsuite tests="4" failures="0" name="com.aidar.service.impl.AssessmentServiceTest" time="0.125" errors="0" skipped="0">
  <properties>
[...]
</properties>
  <testcase classname="com.aidar.service.impl.AssessmentServiceTest" name="getUserRatingShouldReturnRatingOfSpecifiedUser" time="0.078"/>
  <testcase classname="com.aidar.service.impl.AssessmentServiceTest" name="getMyRatingShouldReturnCurrentPrincipalRating" time="0"/>
  <testcase classname="com.aidar.service.impl.AssessmentServiceTest" name="getMyAssessmentOfUserShouldReturnCurrentPrincipalAssessmentOfSpecifiedUser" time="0"/>
  <testcase classname="com.aidar.service.impl.AssessmentServiceTest" name="assessShouldWorkCorrect" time="0.047"/>
</testsuite>